# JRE version: 7.0_07-b10
# Java VM: Java HotSpot(TM) 64-Bit Server VM (23.3-b01 mixed mode linux-amd64 compressed oops)
Heap
 PSYoungGen      total 36992K, used 512K [0x00000007d6c00000, 0x00000007d9540000, 0x0000000800000000)
  eden space 31744K, 1% used [0x00000007d6c00000,0x00000007d6c80290,0x00000007d8b00000)
  from space 5248K, 0% used [0x00000007d9020000,0x00000007d9020000,0x00000007d9540000)
  to   space 5248K, 0% used [0x00000007d8b00000,0x00000007d8b00000,0x00000007d9020000)
 ParOldGen       total 84480K, used 11345K [0x0000000784400000, 0x0000000789680000, 0x00000007d6c00000)
  object space 84480K, 13% used [0x0000000784400000,0x0000000784f14430,0x0000000789680000)
 PSPermGen       total 26048K, used 13229K [0x000000077f200000, 0x0000000780b70000, 0x0000000784400000)
  object space 26048K, 50% used [0x000000077f200000,0x000000077feeb7b8,0x0000000780b70000)
GC Heap History (10 events):
Event: 6.385 GC heap before
{Heap before GC invocations=1 (full 0):
 PSYoungGen      total 36992K, used 31168K [0x00000007d6c00000, 0x00000007d9540000, 0x0000000800000000)
  eden space 31744K, 98% used [0x00000007d6c00000,0x00000007d8a70390,0x00000007d8b00000)
  from space 5248K, 0% used [0x00000007d9020000,0x00000007d9020000,0x00000007d9540000)
  to   space 5248K, 0% used [0x00000007d8b00000,0x00000007d8b00000,0x00000007d9020000)
 ParOldGen       total 84480K, used 0K [0x0000000784400000, 0x0000000789680000, 0x00000007d6c00000)
  object space 84480K, 0% used [0x0000000784400000,0x0000000784400000,0x0000000789680000)
 PSPermGen       total 21248K, used 11870K [0x000000077f200000, 0x00000007806c0000, 0x0000000784400000)
  object space 21248K, 55% used [0x000000077f200000,0x000000077fd97b38,0x00000007806c0000)
Event: 6.397 GC heap after
Heap after GC invocations=1 (full 0):
 PSYoungGen      total 36992K, used 5230K [0x00000007d6c00000, 0x00000007d9540000, 0x0000000800000000)
  eden space 31744K, 0% used [0x00000007d6c00000,0x00000007d6c00000,0x00000007d8b00000)
  from space 5248K, 99% used [0x00000007d8b00000,0x00000007d901baf8,0x00000007d9020000)
  to   space 5248K, 0% used [0x00000007d9020000,0x00000007d9020000,0x00000007d9540000)
 ParOldGen       total 84480K, used 4275K [0x0000000784400000, 0x0000000789680000, 0x00000007d6c00000)
  object space 84480K, 5% used [0x0000000784400000,0x000000078482ced0,0x0000000789680000)
 PSPermGen       total 21248K, used 11870K [0x000000077f200000, 0x00000007806c0000, 0x0000000784400000)
  object space 21248K, 55% used [0x000000077f200000,0x000000077fd97b38,0x00000007806c0000)
}
Event: 7.550 GC heap before
{Heap before GC invocations=2 (full 0):
 PSYoungGen      total 36992K, used 36461K [0x00000007d6c00000, 0x00000007d9540000, 0x0000000800000000)
  eden space 31744K, 98% used [0x00000007d6c00000,0x00000007d8a7fab8,0x00000007d8b00000)
  from space 5248K, 99% used [0x00000007d8b00000,0x00000007d901baf8,0x00000007d9020000)
  to   space 5248K, 0% used [0x00000007d9020000,0x00000007d9020000,0x00000007d9540000)
 ParOldGen       total 84480K, used 4275K [0x0000000784400000, 0x0000000789680000, 0x00000007d6c00000)
  object space 84480K, 5% used [0x0000000784400000,0x000000078482ced0,0x0000000789680000)
 PSPermGen       total 21248K, used 11878K [0x000000077f200000, 0x00000007806c0000, 0x0000000784400000)
  object space 21248K, 55% used [0x000000077f200000,0x000000077fd99ac8,0x00000007806c0000)
Event: 7.555 GC heap after
Heap after GC invocations=2 (full 0):
 PSYoungGen      total 36992K, used 3124K [0x00000007d6c00000, 0x00000007d9540000, 0x0000000800000000)
  eden space 31744K, 0% used [0x00000007d6c00000,0x00000007d6c00000,0x00000007d8b00000)
  from space 5248K, 59% used [0x00000007d9020000,0x00000007d932d3b8,0x00000007d9540000)
  to   space 5248K, 0% used [0x00000007d8b00000,0x00000007d8b00000,0x00000007d9020000)
 ParOldGen       total 84480K, used 4275K [0x0000000784400000, 0x0000000789680000, 0x00000007d6c00000)
  object space 84480K, 5% used [0x0000000784400000,0x000000078482ced0,0x0000000789680000)
 PSPermGen       total 21248K, used 11878K [0x000000077f200000, 0x00000007806c0000, 0x0000000784400000)
  object space 21248K, 55% used [0x000000077f200000,0x000000077fd99ac8,0x00000007806c0000)
}
Event: 8.835 GC heap before
{Heap before GC invocations=3 (full 0):
 PSYoungGen      total 36992K, used 34403K [0x00000007d6c00000, 0x00000007d9540000, 0x0000000800000000)
  eden space 31744K, 98% used [0x00000007d6c00000,0x00000007d8a8bb68,0x00000007d8b00000)
  from space 5248K, 59% used [0x00000007d9020000,0x00000007d932d3b8,0x00000007d9540000)
  to   space 5248K, 0% used [0x00000007d8b00000,0x00000007d8b00000,0x00000007d9020000)
 ParOldGen       total 84480K, used 4275K [0x0000000784400000, 0x0000000789680000, 0x00000007d6c00000)
  object space 84480K, 5% used [0x0000000784400000,0x000000078482ced0,0x0000000789680000)
 PSPermGen       total 21248K, used 11880K [0x000000077f200000, 0x00000007806c0000, 0x0000000784400000)
  object space 21248K, 55% used [0x000000077f200000,0x000000077fd9a268,0x00000007806c0000)
Event: 8.839 GC heap after
Heap after GC invocations=3 (full 0):
 PSYoungGen      total 36992K, used 4983K [0x00000007d6c00000, 0x00000007d9540000, 0x0000000800000000)
  eden space 31744K, 0% used [0x00000007d6c00000,0x00000007d6c00000,0x00000007d8b00000)
  from space 5248K, 94% used [0x00000007d8b00000,0x00000007d8fddfc8,0x00000007d9020000)
  to   space 5248K, 0% used [0x00000007d9020000,0x00000007d9020000,0x00000007d9540000)
 ParOldGen       total 84480K, used 4275K [0x0000000784400000, 0x0000000789680000, 0x00000007d6c00000)
  object space 84480K, 5% used [0x0000000784400000,0x000000078482ced0,0x0000000789680000)
 PSPermGen       total 21248K, used 11880K [0x000000077f200000, 0x00000007806c0000, 0x0000000784400000)
  object space 21248K, 55% used [0x000000077f200000,0x000000077fd9a268,0x00000007806c0000)
}
Event: 9.548 GC heap before
{Heap before GC invocations=4 (full 0):
 PSYoungGen      total 36992K, used 28638K [0x00000007d6c00000, 0x00000007d9540000, 0x0000000800000000)
  eden space 31744K, 74% used [0x00000007d6c00000,0x00000007d8319bb0,0x00000007d8b00000)
  from space 5248K, 94% used [0x00000007d8b00000,0x00000007d8fddfc8,0x00000007d9020000)
  to   space 5248K, 0% used [0x00000007d9020000,0x00000007d9020000,0x00000007d9540000)
 ParOldGen       total 84480K, used 4275K [0x0000000784400000, 0x0000000789680000, 0x00000007d6c00000)
  object space 84480K, 5% used [0x0000000784400000,0x000000078482ced0,0x0000000789680000)
 PSPermGen       total 21248K, used 12743K [0x000000077f200000, 0x00000007806c0000, 0x0000000784400000)
  object space 21248K, 59% used [0x000000077f200000,0x000000077fe71f80,0x00000007806c0000)
Event: 9.555 GC heap after
Heap after GC invocations=4 (full 0):
 PSYoungGen      total 36992K, used 5234K [0x00000007d6c00000, 0x00000007d9540000, 0x0000000800000000)
  eden space 31744K, 0% used [0x00000007d6c00000,0x00000007d6c00000,0x00000007d8b00000)
  from space 5248K, 99% used [0x00000007d9020000,0x00000007d953cbf8,0x00000007d9540000)
  to   space 5248K, 0% used [0x00000007d8b00000,0x00000007d8b00000,0x00000007d9020000)
 ParOldGen       total 84480K, used 9929K [0x0000000784400000, 0x0000000789680000, 0x00000007d6c00000)
  object space 84480K, 11% used [0x0000000784400000,0x0000000784db27b8,0x0000000789680000)
 PSPermGen       total 21248K, used 12743K [0x000000077f200000, 0x00000007806c0000, 0x0000000784400000)
  object space 21248K, 59% used [0x000000077f200000,0x000000077fe71f80,0x00000007806c0000)
}
Event: 9.555 GC heap before
{Heap before GC invocations=5 (full 1):
 PSYoungGen      total 36992K, used 5234K [0x00000007d6c00000, 0x00000007d9540000, 0x0000000800000000)
  eden space 31744K, 0% used [0x00000007d6c00000,0x00000007d6c00000,0x00000007d8b00000)
  from space 5248K, 99% used [0x00000007d9020000,0x00000007d953cbf8,0x00000007d9540000)
  to   space 5248K, 0% used [0x00000007d8b00000,0x00000007d8b00000,0x00000007d9020000)
 ParOldGen       total 84480K, used 9929K [0x0000000784400000, 0x0000000789680000, 0x00000007d6c00000)
  object space 84480K, 11% used [0x0000000784400000,0x0000000784db27b8,0x0000000789680000)
 PSPermGen       total 21248K, used 12743K [0x000000077f200000, 0x00000007806c0000, 0x0000000784400000)
  object space 21248K, 59% used [0x000000077f200000,0x000000077fe71f80,0x00000007806c0000)
Event: 9.600 GC heap after
Heap after GC invocations=5 (full 1):
 PSYoungGen      total 36992K, used 0K [0x00000007d6c00000, 0x00000007d9540000, 0x0000000800000000)
  eden space 31744K, 0% used [0x00000007d6c00000,0x00000007d6c00000,0x00000007d8b00000)
  from space 5248K, 0% used [0x00000007d9020000,0x00000007d9020000,0x00000007d9540000)
  to   space 5248K, 0% used [0x00000007d8b00000,0x00000007d8b00000,0x00000007d9020000)
 ParOldGen       total 84480K, used 11345K [0x0000000784400000, 0x0000000789680000, 0x00000007d6c00000)
  object space 84480K, 13% used [0x0000000784400000,0x0000000784f14430,0x0000000789680000)
 PSPermGen       total 26048K, used 12739K [0x000000077f200000, 0x0000000780b70000, 0x0000000784400000)
  object space 26048K, 48% used [0x000000077f200000,0x000000077fe70e60,0x0000000780b70000)
}

